  leetcode.cpp
e:\leetcode\my_function\my_function\peng.h(945): warning C4018: '<': signed/unsigned 不相符
e:\leetcode\my_function\my_function\peng.h(970): warning C4018: '<': signed/unsigned 不相符
e:\leetcode\my_function\my_function\peng.h(1160): warning C4018: '<': signed/unsigned 不相符
e:\leetcode\my_function\my_function\peng.h(1185): warning C4018: '<': signed/unsigned 不相符
e:\leetcode\my_function\my_function\peng.h(1560): warning C4018: '<': signed/unsigned 不相符
e:\leetcode\my_function\my_function\peng.h(1584): warning C4018: '<': signed/unsigned 不相符
e:\leetcode\my_function\my_function\peng.h(1606): warning C4018: '<': signed/unsigned 不相符
e:\leetcode\my_function\my_function\peng.h(1633): warning C4018: '<': signed/unsigned 不相符
e:\leetcode\my_function\my_function\peng.h(1643): warning C4018: '<': signed/unsigned 不相符
e:\leetcode\leetcode\leetcode\leetcode.cpp(226): warning C4018: '<': signed/unsigned 不相符
e:\leetcode\leetcode\leetcode\leetcode.cpp(292): warning C4018: '<': signed/unsigned 不相符
e:\leetcode\leetcode\leetcode\leetcode.cpp(345): warning C4018: '<': signed/unsigned 不相符
e:\leetcode\leetcode\leetcode\leetcode.cpp(410): warning C4018: '<': signed/unsigned 不相符
e:\leetcode\leetcode\leetcode\leetcode.cpp(443): warning C4018: '<': signed/unsigned 不相符
e:\leetcode\leetcode\leetcode\leetcode.cpp(452): warning C4018: '<': signed/unsigned 不相符
e:\leetcode\leetcode\leetcode\leetcode.cpp(620): warning C4018: '<': signed/unsigned 不相符
e:\leetcode\leetcode\leetcode\leetcode.cpp(625): warning C4018: '<': signed/unsigned 不相符
e:\leetcode\leetcode\leetcode\leetcode.cpp(658): warning C4018: '<': signed/unsigned 不相符
e:\leetcode\leetcode\leetcode\leetcode.cpp(686): warning C4018: '<': signed/unsigned 不相符
e:\leetcode\leetcode\leetcode\leetcode.cpp(706): warning C4018: '<': signed/unsigned 不相符
e:\leetcode\leetcode\leetcode\leetcode.cpp(725): warning C4018: '<': signed/unsigned 不相符
e:\leetcode\leetcode\leetcode\leetcode.cpp(751): warning C4018: '<=': signed/unsigned 不相符
e:\leetcode\leetcode\leetcode\leetcode.cpp(769): warning C4018: '<': signed/unsigned 不相符
e:\leetcode\leetcode\leetcode\leetcode.cpp(772): warning C4018: '<': signed/unsigned 不相符
e:\leetcode\leetcode\leetcode\leetcode.cpp(851): warning C4018: '<': signed/unsigned 不相符
e:\leetcode\leetcode\leetcode\leetcode.cpp(894): warning C4018: '<': signed/unsigned 不相符
e:\leetcode\leetcode\leetcode\leetcode.cpp(979): warning C4018: '<': signed/unsigned 不相符
e:\leetcode\leetcode\leetcode\leetcode.cpp(986): warning C4018: '<': signed/unsigned 不相符
e:\leetcode\leetcode\leetcode\leetcode.cpp(1005): warning C4018: '<': signed/unsigned 不相符
e:\leetcode\leetcode\leetcode\leetcode.cpp(1013): warning C4018: '<': signed/unsigned 不相符
e:\leetcode\leetcode\leetcode\leetcode.cpp(1148): warning C4018: '>': signed/unsigned 不相符
e:\leetcode\leetcode\leetcode\leetcode.cpp(1181): warning C4018: '<': signed/unsigned 不相符
e:\leetcode\leetcode\leetcode\leetcode.cpp(1186): warning C4018: '>': signed/unsigned 不相符
e:\leetcode\leetcode\leetcode\leetcode.cpp(1189): warning C4244: '引數': 將 '__int64' 轉換為 'const _Ty'，由於類型不同，可能導致資料遺失
          with
          [
              _Ty=int
          ]
e:\leetcode\leetcode\leetcode\leetcode.cpp(1212): warning C4244: '=': 將 'double' 轉換為 'int'，由於類型不同，可能導致資料遺失
e:\leetcode\leetcode\leetcode\leetcode.cpp(1229): warning C4018: '<': signed/unsigned 不相符
e:\leetcode\leetcode\leetcode\leetcode.cpp(1232): warning C4018: '<': signed/unsigned 不相符
e:\leetcode\leetcode\leetcode\leetcode.cpp(1234): warning C4018: '<': signed/unsigned 不相符
e:\leetcode\leetcode\leetcode\leetcode.cpp(1352): warning C4018: '<': signed/unsigned 不相符
e:\leetcode\leetcode\leetcode\leetcode.cpp(1383): warning C4018: '<': signed/unsigned 不相符
e:\leetcode\leetcode\leetcode\leetcode.cpp(1388): warning C4018: '<=': signed/unsigned 不相符
e:\leetcode\leetcode\leetcode\leetcode.cpp(1391): warning C4018: '<=': signed/unsigned 不相符
e:\leetcode\leetcode\leetcode\leetcode.cpp(1437): warning C4018: '>=': signed/unsigned 不相符
e:\leetcode\leetcode\leetcode\leetcode.cpp(1444): warning C4018: '>=': signed/unsigned 不相符
e:\leetcode\leetcode\leetcode\leetcode.cpp(1481): warning C4018: '<': signed/unsigned 不相符
e:\leetcode\leetcode\leetcode\leetcode.cpp(1504): warning C4018: '<': signed/unsigned 不相符
e:\leetcode\leetcode\leetcode\leetcode.cpp(1527): warning C4244: '+=': 將 'double' 轉換為 'int'，由於類型不同，可能導致資料遺失
e:\leetcode\leetcode\leetcode\leetcode.cpp(1550): warning C4018: '<=': signed/unsigned 不相符
e:\leetcode\leetcode\leetcode\leetcode.cpp(1576): warning C4018: '<': signed/unsigned 不相符
e:\leetcode\leetcode\leetcode\leetcode.cpp(1616): warning C4018: '<': signed/unsigned 不相符
e:\leetcode\leetcode\leetcode\leetcode.cpp(1631): warning C4018: '<': signed/unsigned 不相符
e:\leetcode\leetcode\leetcode\leetcode.cpp(1701): warning C4018: '<': signed/unsigned 不相符
e:\leetcode\leetcode\leetcode\leetcode.cpp(1723): warning C4018: '<': signed/unsigned 不相符
e:\leetcode\leetcode\leetcode\leetcode.cpp(1788): warning C4018: '<': signed/unsigned 不相符
e:\leetcode\leetcode\leetcode\leetcode.cpp(1938): warning C4018: '<': signed/unsigned 不相符
e:\leetcode\leetcode\leetcode\leetcode.cpp(2013): warning C4244: '+=': 將 'double' 轉換為 'long'，由於類型不同，可能導致資料遺失
e:\leetcode\leetcode\leetcode\leetcode.cpp(2106): warning C4018: '<': signed/unsigned 不相符
e:\leetcode\leetcode\leetcode\leetcode.cpp(2132): warning C4018: '<': signed/unsigned 不相符
e:\leetcode\leetcode\leetcode\leetcode.cpp(2156): warning C4018: '<': signed/unsigned 不相符
e:\leetcode\leetcode\leetcode\leetcode.cpp(2159): warning C4018: '<': signed/unsigned 不相符
e:\leetcode\leetcode\leetcode\leetcode.cpp(2192): warning C4018: '<': signed/unsigned 不相符
e:\leetcode\leetcode\leetcode\leetcode.cpp(2220): warning C4018: '<': signed/unsigned 不相符
e:\leetcode\leetcode\leetcode\leetcode.cpp(2424): warning C4101: 'test': 未參考的區域變數
  leetcode.vcxproj -> E:\leetcode\leetcode\Debug\leetcode.exe
